<?xml version="1.0" encoding="UTF-8"?>
<!-- Generated by org.testng.reporters.JUnitReportReporter -->
<testsuite hostname="Raghu-PC" name="com.jocata.core.screens.ThresholdParametersRule" tests="1" failures="0" timestamp="2 Dec 2017 11:27:40 GMT" time="137.195" errors="0">
  <testcase name="loginNew" time="137.195" classname="com.jocata.core.screens.ThresholdParametersRule"/>
</testsuite> <!-- com.jocata.core.screens.ThresholdParametersRule -->
