<?xml version="1.0" encoding="UTF-8"?>
<!-- Generated by org.testng.reporters.JUnitReportReporter -->
<testsuite hostname="Raghu-PC" name="com.jocata.core.existingfuctions.AdvancedAddBenchMark2" tests="1" failures="0" timestamp="2 Dec 2017 11:48:54 GMT" time="111.618" errors="0">
  <testcase name="init" time="111.618" classname="com.jocata.core.existingfuctions.AdvancedAddBenchMark2"/>
</testsuite> <!-- com.jocata.core.existingfuctions.AdvancedAddBenchMark2 -->
