<?xml version="1.0" encoding="UTF-8"?>
<!-- Generated by org.testng.reporters.JUnitReportReporter -->
<testsuite hostname="Raghu-PC" name="com.jocata.core.scripts.NewCreateRuleJocata" tests="1" failures="0" timestamp="2 Dec 2017 11:27:40 GMT" time="54.434" errors="0">
  <testcase name="loginNew" time="54.434" classname="com.jocata.core.scripts.NewCreateRuleJocata"/>
</testsuite> <!-- com.jocata.core.scripts.NewCreateRuleJocata -->
