<?xml version="1.0" encoding="UTF-8"?>
<!-- Generated by org.testng.reporters.JUnitReportReporter -->
<testsuite hostname="Raghu-PC" name="com.jocata.core.Newenchantment.Dashboard" tests="1" failures="0" timestamp="11 Oct 2017 05:50:11 GMT" time="16.045" errors="0">
  <testcase name="clickingdash" time="16.045" classname="com.jocata.core.Newenchantment.Dashboard"/>
</testsuite> <!-- com.jocata.core.Newenchantment.Dashboard -->
