<?xml version="1.0" encoding="UTF-8"?>
<!-- Generated by org.testng.reporters.JUnitReportReporter -->
<testsuite hostname="Raghu-PC" name="com.jocata.star.TaskboardSort.SortOnAmount" tests="1" failures="0" timestamp="25 Nov 2017 08:32:04 GMT" time="62.634" errors="0">
  <testcase name="clickcaseid" time="62.634" classname="com.jocata.star.TaskboardSort.SortOnAmount"/>
</testsuite> <!-- com.jocata.star.TaskboardSort.SortOnAmount -->
