<?xml version="1.0" encoding="UTF-8"?>
<!-- Generated by org.testng.reporters.JUnitReportReporter -->
<testsuite hostname="Raghu-PC" name="com.jocata.core.grid.ADDRolesModify" tests="1" failures="0" timestamp="2 Dec 2017 11:27:40 GMT" time="110.161" errors="0">
  <testcase name="GridTest" time="110.161" classname="com.jocata.core.grid.ADDRolesModify"/>
</testsuite> <!-- com.jocata.core.grid.ADDRolesModify -->
