<?xml version="1.0" encoding="UTF-8"?>
<!-- Generated by org.testng.reporters.JUnitReportReporter -->
<testsuite hostname="Raghu-PC" name="com.jocata.core.scripts.SimpleSearchJocata2" tests="1" failures="0" timestamp="2 Dec 2017 11:27:40 GMT" time="466.597" errors="0">
  <testcase name="loginsimple" time="466.597" classname="com.jocata.core.scripts.SimpleSearchJocata2"/>
</testsuite> <!-- com.jocata.core.scripts.SimpleSearchJocata2 -->
