<?xml version="1.0" encoding="UTF-8"?>
<!-- Generated by org.testng.reporters.JUnitReportReporter -->
<testsuite hostname="Raghu-PC" name="com.jocata.core.RunStar.CustomerPeerProfile" tests="1" failures="0" timestamp="25 Nov 2017 10:40:08 GMT" time="104.647" errors="0">
  <testcase name="login" time="104.647" classname="com.jocata.core.RunStar.CustomerPeerProfile"/>
</testsuite> <!-- com.jocata.core.RunStar.CustomerPeerProfile -->
