<?xml version="1.0" encoding="UTF-8"?>
<!-- Generated by org.testng.reporters.JUnitReportReporter -->
<testsuite hostname="Raghu-PC" name="com.jocata.core.grid.UserPermissionsReport" tests="1" failures="0" timestamp="2 Dec 2017 11:27:40 GMT" time="46.304" errors="0">
  <testcase name="clickriskconfigrationedit" time="46.304" classname="com.jocata.core.grid.UserPermissionsReport"/>
</testsuite> <!-- com.jocata.core.grid.UserPermissionsReport -->
