<?xml version="1.0" encoding="UTF-8"?>
<!-- Generated by org.testng.reporters.JUnitReportReporter -->
<testsuite hostname="Raghu-PC" name="com.jocata.core.scripts.CoreNavigation" tests="1" failures="0" timestamp="2 Dec 2017 11:27:40 GMT" time="64.542" errors="0">
  <testcase name="loginNavigation" time="64.542" classname="com.jocata.core.scripts.CoreNavigation"/>
</testsuite> <!-- com.jocata.core.scripts.CoreNavigation -->
