<?xml version="1.0" encoding="UTF-8"?>
<!-- Generated by org.testng.reporters.JUnitReportReporter -->
<testsuite hostname="Raghu-PC" name="com.jocata.core.Newenchantment.Dashboard2" tests="1" failures="0" timestamp="14 Oct 2017 13:30:22 GMT" time="27.277" errors="0">
  <testcase name="clickingdash" time="27.277" classname="com.jocata.core.Newenchantment.Dashboard2"/>
</testsuite> <!-- com.jocata.core.Newenchantment.Dashboard2 -->
