<?xml version="1.0" encoding="UTF-8"?>
<!-- Generated by org.testng.reporters.JUnitReportReporter -->
<testsuite hostname="Raghu-PC" name="com.jocata.core.existingfuctions.AddBenchMark_01" tests="1" failures="0" timestamp="25 Nov 2017 12:12:20 GMT" time="7.412" errors="0">
  <testcase name="init" time="7.412" classname="com.jocata.core.existingfuctions.AddBenchMark_01"/>
</testsuite> <!-- com.jocata.core.existingfuctions.AddBenchMark_01 -->
