<?xml version="1.0" encoding="UTF-8"?>
<!-- Generated by org.testng.reporters.JUnitReportReporter -->
<testsuite hostname="Raghu-PC" name="com.jocata.core.misreports.AccountSummaryReport" tests="1" failures="0" timestamp="2 Dec 2017 11:27:40 GMT" time="75.718" errors="0">
  <testcase name="addReport" time="75.718" classname="com.jocata.core.misreports.AccountSummaryReport"/>
</testsuite> <!-- com.jocata.core.misreports.AccountSummaryReport -->
