<?xml version="1.0" encoding="UTF-8"?>
<!-- Generated by org.testng.reporters.JUnitReportReporter -->
<testsuite hostname="Raghu-PC" name="com.jocata.core.scripts.AdvanceSearchJocataSe2" tests="1" failures="0" timestamp="2 Dec 2017 11:27:40 GMT" time="475.523" errors="0">
  <testcase name="loginAdvance" time="475.523" classname="com.jocata.core.scripts.AdvanceSearchJocataSe2"/>
</testsuite> <!-- com.jocata.core.scripts.AdvanceSearchJocataSe2 -->
