<?xml version="1.0" encoding="UTF-8"?>
<!-- Generated by org.testng.reporters.JUnitReportReporter -->
<testsuite hostname="Raghu-PC" name="com.jocata.star.TaskboardSort.RuleBuliderUpdate" tests="1" failures="0" timestamp="2 Dec 2017 11:27:40 GMT" time="91.986" errors="0">
  <testcase name="clickrulebuliderupdate" time="91.986" classname="com.jocata.star.TaskboardSort.RuleBuliderUpdate"/>
</testsuite> <!-- com.jocata.star.TaskboardSort.RuleBuliderUpdate -->
