<?xml version="1.0" encoding="UTF-8"?>
<!-- Generated by org.testng.reporters.JUnitReportReporter -->
<testsuite hostname="Raghu-PC" name="com.jocata.core.RunStar.TrancastionRulePopUpExport" tests="1" failures="0" timestamp="25 Nov 2017 10:49:02 GMT" time="99.131" errors="0">
  <testcase name="login" time="99.131" classname="com.jocata.core.RunStar.TrancastionRulePopUpExport"/>
</testsuite> <!-- com.jocata.core.RunStar.TrancastionRulePopUpExport -->
