<?xml version="1.0" encoding="UTF-8"?>
<!-- Generated by org.testng.reporters.JUnitReportReporter -->
<testsuite hostname="Raghu-PC" name="com.jocata.core.RunStar.ActivityGraphExportExcel" tests="1" failures="0" timestamp="2 Dec 2017 11:27:40 GMT" time="94.525" errors="0">
  <testcase name="login" time="94.525" classname="com.jocata.core.RunStar.ActivityGraphExportExcel"/>
</testsuite> <!-- com.jocata.core.RunStar.ActivityGraphExportExcel -->
